<?xml version="1.0" encoding="UTF-8"?>
<!-- Generated by org.testng.reporters.JUnitReportReporter -->
<testsuite hostname="LAPTOP-FNE191SI" name="example.test" tests="1" failures="0" timestamp="12 Nov 2017 05:59:37 GMT" time="24.342" errors="0">
  <testcase name="f" time="24.342" classname="example.test"/>
</testsuite> <!-- example.test -->
